Using pre-set license
Built from '2020.3/staging' branch; Version is '2020.3.6f1 (338bb68529b2) revision 3378102'; Using compiler version '192528614'; Build Type 'Release'
OS: 'Windows 10 Home; OS build 19042.928; Version 2009; 64bit' Language: 'it' Physical Memory: 8034 MB
BatchMode: 1, IsHumanControllingUs: 0, StartBugReporterOnCrash: 0, Is64bit: 1, IsPro: 0

 COMMAND LINE ARGUMENTS:
C:\Program Files\Unity\Hub\Editor\2020.3.6f1\Editor\Unity.exe
-adb2
-batchMode
-noUpm
-name
AssetImportWorker0
-projectPath
C:/Users/franc/Documents/Unity Projects/CageLegends
-logFile
Logs/AssetImportWorker0.log
-srvPort
56142
Successfully changed project path to: C:/Users/franc/Documents/Unity Projects/CageLegends
C:/Users/franc/Documents/Unity Projects/CageLegends
Using Asset Import Pipeline V2.
Refreshing native plugins compatible for Editor in 58.96 ms, found 0 plugins.
Preloading 0 native plugins for Editor in 0.00 ms.
Initialize engine version: 2020.3.6f1 (338bb68529b2)
[Subsystems] Discovering subsystems at path C:/Program Files/Unity/Hub/Editor/2020.3.6f1/Editor/Data/Resources/UnitySubsystems
[Subsystems] Discovering subsystems at path C:/Users/franc/Documents/Unity Projects/CageLegends/Assets
GfxDevice: creating device client; threaded=0
Direct3D:
    Version:  Direct3D 11.0 [level 11.1]
    Renderer: Intel(R) HD Graphics 620 (ID=0x5916)
    Vendor:   
    VRAM:     4017 MB
    Driver:   25.20.100.6446
Initialize mono
Mono path[0] = 'C:/Program Files/Unity/Hub/Editor/2020.3.6f1/Editor/Data/Managed'
Mono path[1] = 'C:/Program Files/Unity/Hub/Editor/2020.3.6f1/Editor/Data/MonoBleedingEdge/lib/mono/unityjit'
Mono config path = 'C:/Program Files/Unity/Hub/Editor/2020.3.6f1/Editor/Data/MonoBleedingEdge/etc'
Using monoOptions --debugger-agent=transport=dt_socket,embedding=1,server=y,suspend=n,address=127.0.0.1:56096
Begin MonoManager ReloadAssembly
Registering precompiled unity dll's ...
Register platform support module: C:/Program Files/Unity/Hub/Editor/2020.3.6f1/Editor/Data/PlaybackEngines/WindowsStandaloneSupport/UnityEditor.WindowsStandalone.Extensions.dll
Registered in 0.002609 seconds.
Native extension for WindowsStandalone target not found
Refreshing native plugins compatible for Editor in 266.07 ms, found 0 plugins.
Preloading 0 native plugins for Editor in 0.00 ms.
Mono: successfully reloaded assembly
- Completed reload, in  4.356 seconds
Platform modules already initialized, skipping
Registering precompiled user dll's ...
Registered in 0.001363 seconds.
Begin MonoManager ReloadAssembly
Native extension for WindowsStandalone target not found
Refreshing native plugins compatible for Editor in 1.77 ms, found 0 plugins.
Preloading 0 native plugins for Editor in 0.00 ms.
Mono: successfully reloaded assembly
- Completed reload, in  4.438 seconds
Platform modules already initialized, skipping
========================================================================
Worker process is ready to serve import requests
Launched and connected shader compiler UnityShaderCompiler.exe after 0.08 seconds
Refreshing native plugins compatible for Editor in 0.43 ms, found 0 plugins.
Preloading 0 native plugins for Editor in 0.00 ms.
Unloading 1489 Unused Serialized files (Serialized files now loaded: 0)
System memory in use before: 72.5 MB.
System memory in use after: 72.6 MB.

Unloading 66 unused Assets to reduce memory usage. Loaded Objects now: 1928.
Total: 3.996900 ms (FindLiveObjects: 0.287200 ms CreateObjectMapping: 0.076000 ms MarkObjects: 3.338200 ms  DeleteObjects: 0.293100 ms)

========================================================================
Received Import Request.
  path: Assets/Scripts/PlayerOne.cs
  artifactKey: Guid(8e90ffdb59b5c4c49bce401341432982) Importer(815301076,1909f56bfc062723c751e8b465ee728b)
Start importing Assets/Scripts/PlayerOne.cs using Guid(8e90ffdb59b5c4c49bce401341432982) Importer(815301076,1909f56bfc062723c751e8b465ee728b)  -> (artifact id: '791cd2af6853ebb0d5fdae7efe6f9794') in 0.078753 seconds
  Import took 0.083222 seconds .

========================================================================
Received Import Request.
  Time since last request: 0.000541 seconds.
  path: Assets/Scripts/MainMenu.cs
  artifactKey: Guid(717372ccb8410f247b11417e8e9144aa) Importer(815301076,1909f56bfc062723c751e8b465ee728b)
Start importing Assets/Scripts/MainMenu.cs using Guid(717372ccb8410f247b11417e8e9144aa) Importer(815301076,1909f56bfc062723c751e8b465ee728b)  -> (artifact id: 'ca84edc4d684550d0898eabf83507a02') in 0.035973 seconds
  Import took 0.039200 seconds .

========================================================================
Received Import Request.
  Time since last request: 103.173152 seconds.
  path: Assets/Scripts/PlayerOne.cs
  artifactKey: Guid(8e90ffdb59b5c4c49bce401341432982) Importer(815301076,1909f56bfc062723c751e8b465ee728b)
Start importing Assets/Scripts/PlayerOne.cs using Guid(8e90ffdb59b5c4c49bce401341432982) Importer(815301076,1909f56bfc062723c751e8b465ee728b)  -> (artifact id: '1ecbe19d7fe68a9dd8169486caf7f1a2') in 0.049155 seconds
  Import took 0.055305 seconds .

========================================================================
Received Import Request.
  Time since last request: 77.726559 seconds.
  path: Assets/Scripts/PlayerOne.cs
  artifactKey: Guid(8e90ffdb59b5c4c49bce401341432982) Importer(815301076,1909f56bfc062723c751e8b465ee728b)
Start importing Assets/Scripts/PlayerOne.cs using Guid(8e90ffdb59b5c4c49bce401341432982) Importer(815301076,1909f56bfc062723c751e8b465ee728b)  -> (artifact id: '5a5e4be8238879e755b7eac87de43df1') in 0.049821 seconds
  Import took 0.055884 seconds .

========================================================================
Received Prepare
Registering precompiled user dll's ...
Registered in 0.000934 seconds.
Begin MonoManager ReloadAssembly
Native extension for WindowsStandalone target not found
Refreshing native plugins compatible for Editor in 0.44 ms, found 0 plugins.
Preloading 0 native plugins for Editor in 0.00 ms.
Warning: Annotation not found!
UnityEngine.StackTraceUtility:ExtractStackTrace ()
UnityEditor.ProBuilder.EditorUtility:SetGizmoIconEnabled (System.Type,bool) (at Library/PackageCache/com.unity.probuilder@4.5.0/Editor/EditorCore/EditorUtility.cs:593)
UnityEditor.ProBuilder.HierarchyListener:.cctor () (at Library/PackageCache/com.unity.probuilder@4.5.0/Editor/EditorCore/HierarchyListener.cs:21)
System.Runtime.CompilerServices.RuntimeHelpers:RunClassConstructor (System.RuntimeTypeHandle)
UnityEditor.EditorAssemblies:ProcessInitializeOnLoadAttributes (System.Type[])

[Library/PackageCache/com.unity.probuilder@4.5.0/Editor/EditorCore/EditorUtility.cs line 593]

Mono: successfully reloaded assembly
- Completed reload, in  1.959 seconds
Platform modules already initialized, skipping
Switching build target platform(5) subTarget(0) extendedPlatform(0) -> platform(13) subTarget(537395200) extendedPlatform(0)
Refreshing native plugins compatible for Editor in 0.96 ms, found 0 plugins.
Preloading 0 native plugins for Editor in 0.00 ms.
Unloading 1457 Unused Serialized files (Serialized files now loaded: 0)
System memory in use before: 69.9 MB.
System memory in use after: 70.0 MB.

Unloading 4 unused Assets to reduce memory usage. Loaded Objects now: 1931.
Total: 4.048500 ms (FindLiveObjects: 0.433500 ms CreateObjectMapping: 0.132300 ms MarkObjects: 3.447400 ms  DeleteObjects: 0.032700 ms)

AssetImportParameters requested are different than current active one (requested -> active):
  custom:graphics/normal-map-encoding: 01000000000000000000000000000000 -> 02000000000000000000000000000000
========================================================================
Received Prepare
Registering precompiled user dll's ...
Registered in 0.002206 seconds.
Begin MonoManager ReloadAssembly
Native extension for WindowsStandalone target not found
Refreshing native plugins compatible for Editor in 0.58 ms, found 0 plugins.
Preloading 0 native plugins for Editor in 0.00 ms.
Warning: Annotation not found!
UnityEngine.StackTraceUtility:ExtractStackTrace ()
UnityEditor.ProBuilder.EditorUtility:SetGizmoIconEnabled (System.Type,bool) (at Library/PackageCache/com.unity.probuilder@4.5.0/Editor/EditorCore/EditorUtility.cs:593)
UnityEditor.ProBuilder.HierarchyListener:.cctor () (at Library/PackageCache/com.unity.probuilder@4.5.0/Editor/EditorCore/HierarchyListener.cs:21)
System.Runtime.CompilerServices.RuntimeHelpers:RunClassConstructor (System.RuntimeTypeHandle)
UnityEditor.EditorAssemblies:ProcessInitializeOnLoadAttributes (System.Type[])

[Library/PackageCache/com.unity.probuilder@4.5.0/Editor/EditorCore/EditorUtility.cs line 593]

Mono: successfully reloaded assembly
- Completed reload, in  2.270 seconds
Platform modules already initialized, skipping
Switching build target platform(5) subTarget(0) extendedPlatform(0) -> platform(13) subTarget(537395200) extendedPlatform(0)
Refreshing native plugins compatible for Editor in 0.95 ms, found 0 plugins.
Preloading 0 native plugins for Editor in 0.00 ms.
Unloading 1457 Unused Serialized files (Serialized files now loaded: 0)
System memory in use before: 69.9 MB.
System memory in use after: 70.0 MB.

Unloading 4 unused Assets to reduce memory usage. Loaded Objects now: 1934.
Total: 3.688700 ms (FindLiveObjects: 0.453100 ms CreateObjectMapping: 0.119700 ms MarkObjects: 3.092100 ms  DeleteObjects: 0.021500 ms)

AssetImportParameters requested are different than current active one (requested -> active):
  custom:graphics/normal-map-encoding: 01000000000000000000000000000000 -> 02000000000000000000000000000000
========================================================================
Received Prepare
Refreshing native plugins compatible for Editor in 0.89 ms, found 0 plugins.
Preloading 0 native plugins for Editor in 0.00 ms.
Unloading 2 Unused Serialized files (Serialized files now loaded: 0)
System memory in use before: 41.3 MB.
System memory in use after: 41.4 MB.

Unloading 2 unused Assets to reduce memory usage. Loaded Objects now: 1934.
Total: 11.019500 ms (FindLiveObjects: 1.767400 ms CreateObjectMapping: 0.370900 ms MarkObjects: 8.831200 ms  DeleteObjects: 0.045300 ms)

========================================================================
Received Import Request.
  Time since last request: 1438.331634 seconds.
  path: Assets/Scenes/MainMenu.unity
  artifactKey: Guid(5c2974d28f30c1842962306a6b997e5e) Importer(815301076,1909f56bfc062723c751e8b465ee728b)
Start importing Assets/Scenes/MainMenu.unity using Guid(5c2974d28f30c1842962306a6b997e5e) Importer(815301076,1909f56bfc062723c751e8b465ee728b)  -> (artifact id: 'dfcfc78af1bee98bbe1222544285e8dc') in 0.090902 seconds
  Import took 0.140973 seconds .

========================================================================
Received Prepare
Registering precompiled user dll's ...
Registered in 0.002006 seconds.
Begin MonoManager ReloadAssembly
Native extension for WindowsStandalone target not found
Refreshing native plugins compatible for Editor in 0.55 ms, found 0 plugins.
Preloading 0 native plugins for Editor in 0.00 ms.
Warning: Annotation not found!
UnityEngine.StackTraceUtility:ExtractStackTrace ()
UnityEditor.ProBuilder.EditorUtility:SetGizmoIconEnabled (System.Type,bool) (at Library/PackageCache/com.unity.probuilder@4.5.0/Editor/EditorCore/EditorUtility.cs:593)
UnityEditor.ProBuilder.HierarchyListener:.cctor () (at Library/PackageCache/com.unity.probuilder@4.5.0/Editor/EditorCore/HierarchyListener.cs:21)
System.Runtime.CompilerServices.RuntimeHelpers:RunClassConstructor (System.RuntimeTypeHandle)
UnityEditor.EditorAssemblies:ProcessInitializeOnLoadAttributes (System.Type[])

[Library/PackageCache/com.unity.probuilder@4.5.0/Editor/EditorCore/EditorUtility.cs line 593]

Mono: successfully reloaded assembly
- Completed reload, in  2.774 seconds
Platform modules already initialized, skipping
Switching build target platform(5) subTarget(0) extendedPlatform(0) -> platform(13) subTarget(537395200) extendedPlatform(0)
Refreshing native plugins compatible for Editor in 0.49 ms, found 0 plugins.
Preloading 0 native plugins for Editor in 0.00 ms.
Unloading 1457 Unused Serialized files (Serialized files now loaded: 0)
System memory in use before: 69.9 MB.
System memory in use after: 70.0 MB.

Unloading 4 unused Assets to reduce memory usage. Loaded Objects now: 1937.
Total: 4.346600 ms (FindLiveObjects: 0.435500 ms CreateObjectMapping: 0.238000 ms MarkObjects: 3.644200 ms  DeleteObjects: 0.026200 ms)

AssetImportParameters requested are different than current active one (requested -> active):
  custom:graphics/normal-map-encoding: 01000000000000000000000000000000 -> 02000000000000000000000000000000
========================================================================
Received Import Request.
  Time since last request: 5075.814723 seconds.
  path: Assets/Resources/Sounds/ballHit1.mp3
  artifactKey: Guid(61b2c2cd2488be8459818c99027e06ae) Importer(815301076,1909f56bfc062723c751e8b465ee728b)
Start importing Assets/Resources/Sounds/ballHit1.mp3 using Guid(61b2c2cd2488be8459818c99027e06ae) Importer(815301076,1909f56bfc062723c751e8b465ee728b)  -> (artifact id: 'a1a23935534903d113cef33822e89d32') in 0.194499 seconds
  Import took 0.200852 seconds .

========================================================================
Received Import Request.
  Time since last request: 0.000368 seconds.
  path: Assets/Resources/Sounds/ballHit2.mp3
  artifactKey: Guid(8f519b34330bddf41a1ac81ce2f0e631) Importer(815301076,1909f56bfc062723c751e8b465ee728b)
Start importing Assets/Resources/Sounds/ballHit2.mp3 using Guid(8f519b34330bddf41a1ac81ce2f0e631) Importer(815301076,1909f56bfc062723c751e8b465ee728b)  -> (artifact id: 'be260b7d5443ca18158ae00cb8638ae9') in 0.069932 seconds
  Import took 0.075663 seconds .

========================================================================
Received Import Request.
  Time since last request: 0.000235 seconds.
  path: Assets/Resources/Sounds/barrierHit.mp3
  artifactKey: Guid(fa44cb81e1285ee4a9a28c7cd107c8bd) Importer(815301076,1909f56bfc062723c751e8b465ee728b)
Start importing Assets/Resources/Sounds/barrierHit.mp3 using Guid(fa44cb81e1285ee4a9a28c7cd107c8bd) Importer(815301076,1909f56bfc062723c751e8b465ee728b)  -> (artifact id: 'ab102d1c482e254c1e930933944f8e10') in 0.078362 seconds
  Import took 0.083353 seconds .

========================================================================
Received Import Request.
  Time since last request: 0.000281 seconds.
  path: Assets/Resources/Sounds/ballHit2.mp3
  artifactKey: Guid(8f519b34330bddf41a1ac81ce2f0e631) Importer(815301076,1909f56bfc062723c751e8b465ee728b)
Start importing Assets/Resources/Sounds/ballHit2.mp3 using Guid(8f519b34330bddf41a1ac81ce2f0e631) Importer(815301076,1909f56bfc062723c751e8b465ee728b)  -> (artifact id: 'be260b7d5443ca18158ae00cb8638ae9') in 0.059589 seconds
  Import took 0.063710 seconds .

========================================================================
Received Import Request.
  Time since last request: 14.249230 seconds.
  path: Assets/Resources/Sounds/cheers.mp3
  artifactKey: Guid(37db2682a15294a4f84eba2b35ce355e) Importer(815301076,1909f56bfc062723c751e8b465ee728b)
Start importing Assets/Resources/Sounds/cheers.mp3 using Guid(37db2682a15294a4f84eba2b35ce355e) Importer(815301076,1909f56bfc062723c751e8b465ee728b)  -> (artifact id: '7989bdfeb969f09a0308050d4597e55c') in 0.063263 seconds
  Import took 0.066584 seconds .

========================================================================
Received Import Request.
  Time since last request: 0.000302 seconds.
  path: Assets/Resources/Sounds/youWin.mp3
  artifactKey: Guid(1f405a0e21358c04fb03ba6226a82e95) Importer(815301076,1909f56bfc062723c751e8b465ee728b)
Start importing Assets/Resources/Sounds/youWin.mp3 using Guid(1f405a0e21358c04fb03ba6226a82e95) Importer(815301076,1909f56bfc062723c751e8b465ee728b)  -> (artifact id: '8cb8cf725549064304a86b935b8d9109') in 0.064356 seconds
  Import took 0.068428 seconds .

========================================================================
Received Import Request.
  Time since last request: 0.000449 seconds.
  path: Assets/Resources/Sounds/hit.mp3
  artifactKey: Guid(4a16d54c22cafe741b2b3fe598f350dd) Importer(815301076,1909f56bfc062723c751e8b465ee728b)
Start importing Assets/Resources/Sounds/hit.mp3 using Guid(4a16d54c22cafe741b2b3fe598f350dd) Importer(815301076,1909f56bfc062723c751e8b465ee728b)  -> (artifact id: '5689974dfe42c1d4435f8a3e01dc0704') in 0.071317 seconds
  Import took 0.075211 seconds .

========================================================================
Received Import Request.
  Time since last request: 0.000249 seconds.
  path: Assets/Resources/Sounds/youLose.mp3
  artifactKey: Guid(6af8e7c45b55c3a488cd33b24a32a3a5) Importer(815301076,1909f56bfc062723c751e8b465ee728b)
Start importing Assets/Resources/Sounds/youLose.mp3 using Guid(6af8e7c45b55c3a488cd33b24a32a3a5) Importer(815301076,1909f56bfc062723c751e8b465ee728b)  -> (artifact id: '161da810288faf29af90ee455d8f43f0') in 0.062529 seconds
  Import took 0.066571 seconds .

========================================================================
Received Import Request.
  Time since last request: 0.000264 seconds.
  path: Assets/Resources/Sounds/goal.mp3
  artifactKey: Guid(7b552f6ae01a0de41ab7c8b6e630fef9) Importer(815301076,1909f56bfc062723c751e8b465ee728b)
Start importing Assets/Resources/Sounds/goal.mp3 using Guid(7b552f6ae01a0de41ab7c8b6e630fef9) Importer(815301076,1909f56bfc062723c751e8b465ee728b)  -> (artifact id: 'e6271ef891f0cb39df30cfcaba3d5e51') in 0.051444 seconds
  Import took 0.058165 seconds .

========================================================================
Received Import Request.
  Time since last request: 0.002600 seconds.
  path: Assets/Resources/Sounds/goal.mp3
  artifactKey: Guid(7b552f6ae01a0de41ab7c8b6e630fef9) Importer(815301076,1909f56bfc062723c751e8b465ee728b)
Start importing Assets/Resources/Sounds/goal.mp3 using Guid(7b552f6ae01a0de41ab7c8b6e630fef9) Importer(815301076,1909f56bfc062723c751e8b465ee728b)  -> (artifact id: 'e6271ef891f0cb39df30cfcaba3d5e51') in 0.050766 seconds
  Import took 0.055245 seconds .

========================================================================
Received Prepare
Registering precompiled user dll's ...
Registered in 0.001057 seconds.
Begin MonoManager ReloadAssembly
Native extension for WindowsStandalone target not found
Refreshing native plugins compatible for Editor in 0.30 ms, found 0 plugins.
Preloading 0 native plugins for Editor in 0.00 ms.
Warning: Annotation not found!
UnityEngine.StackTraceUtility:ExtractStackTrace ()
UnityEditor.ProBuilder.EditorUtility:SetGizmoIconEnabled (System.Type,bool) (at Library/PackageCache/com.unity.probuilder@4.5.0/Editor/EditorCore/EditorUtility.cs:593)
UnityEditor.ProBuilder.HierarchyListener:.cctor () (at Library/PackageCache/com.unity.probuilder@4.5.0/Editor/EditorCore/HierarchyListener.cs:21)
System.Runtime.CompilerServices.RuntimeHelpers:RunClassConstructor (System.RuntimeTypeHandle)
UnityEditor.EditorAssemblies:ProcessInitializeOnLoadAttributes (System.Type[])

[Library/PackageCache/com.unity.probuilder@4.5.0/Editor/EditorCore/EditorUtility.cs line 593]

Mono: successfully reloaded assembly
- Completed reload, in  1.978 seconds
Platform modules already initialized, skipping
Switching build target platform(5) subTarget(0) extendedPlatform(0) -> platform(13) subTarget(537395200) extendedPlatform(0)
Refreshing native plugins compatible for Editor in 0.81 ms, found 0 plugins.
Preloading 0 native plugins for Editor in 0.00 ms.
Unloading 1457 Unused Serialized files (Serialized files now loaded: 0)
System memory in use before: 72.7 MB.
System memory in use after: 72.8 MB.

Unloading 4 unused Assets to reduce memory usage. Loaded Objects now: 1949.
Total: 2.610100 ms (FindLiveObjects: 0.273200 ms CreateObjectMapping: 0.090800 ms MarkObjects: 2.218500 ms  DeleteObjects: 0.025200 ms)

AssetImportParameters requested are different than current active one (requested -> active):
  custom:graphics/normal-map-encoding: 01000000000000000000000000000000 -> 02000000000000000000000000000000
========================================================================
Received Prepare
Registering precompiled user dll's ...
Registered in 0.001906 seconds.
Begin MonoManager ReloadAssembly
Native extension for WindowsStandalone target not found
Refreshing native plugins compatible for Editor in 4.13 ms, found 0 plugins.
Preloading 0 native plugins for Editor in 0.00 ms.
Warning: Annotation not found!
UnityEngine.StackTraceUtility:ExtractStackTrace ()
UnityEditor.ProBuilder.EditorUtility:SetGizmoIconEnabled (System.Type,bool) (at Library/PackageCache/com.unity.probuilder@4.5.0/Editor/EditorCore/EditorUtility.cs:593)
UnityEditor.ProBuilder.HierarchyListener:.cctor () (at Library/PackageCache/com.unity.probuilder@4.5.0/Editor/EditorCore/HierarchyListener.cs:21)
System.Runtime.CompilerServices.RuntimeHelpers:RunClassConstructor (System.RuntimeTypeHandle)
UnityEditor.EditorAssemblies:ProcessInitializeOnLoadAttributes (System.Type[])

[Library/PackageCache/com.unity.probuilder@4.5.0/Editor/EditorCore/EditorUtility.cs line 593]

Mono: successfully reloaded assembly
- Completed reload, in  4.541 seconds
Platform modules already initialized, skipping
Switching build target platform(5) subTarget(0) extendedPlatform(0) -> platform(13) subTarget(537395200) extendedPlatform(0)
Refreshing native plugins compatible for Editor in 0.92 ms, found 0 plugins.
Preloading 0 native plugins for Editor in 0.00 ms.
Unloading 1457 Unused Serialized files (Serialized files now loaded: 0)
System memory in use before: 72.7 MB.
System memory in use after: 72.8 MB.

Unloading 4 unused Assets to reduce memory usage. Loaded Objects now: 1952.
Total: 5.251700 ms (FindLiveObjects: 0.741800 ms CreateObjectMapping: 0.131500 ms MarkObjects: 4.350600 ms  DeleteObjects: 0.025900 ms)

AssetImportParameters requested are different than current active one (requested -> active):
  custom:graphics/normal-map-encoding: 01000000000000000000000000000000 -> 02000000000000000000000000000000
========================================================================
Received Prepare
Registering precompiled user dll's ...
Registered in 0.000912 seconds.
Begin MonoManager ReloadAssembly
Native extension for WindowsStandalone target not found
Refreshing native plugins compatible for Editor in 0.32 ms, found 0 plugins.
Preloading 0 native plugins for Editor in 0.00 ms.
Warning: Annotation not found!
UnityEngine.StackTraceUtility:ExtractStackTrace ()
UnityEditor.ProBuilder.EditorUtility:SetGizmoIconEnabled (System.Type,bool) (at Library/PackageCache/com.unity.probuilder@4.5.0/Editor/EditorCore/EditorUtility.cs:593)
UnityEditor.ProBuilder.HierarchyListener:.cctor () (at Library/PackageCache/com.unity.probuilder@4.5.0/Editor/EditorCore/HierarchyListener.cs:21)
System.Runtime.CompilerServices.RuntimeHelpers:RunClassConstructor (System.RuntimeTypeHandle)
UnityEditor.EditorAssemblies:ProcessInitializeOnLoadAttributes (System.Type[])

[Library/PackageCache/com.unity.probuilder@4.5.0/Editor/EditorCore/EditorUtility.cs line 593]

Mono: successfully reloaded assembly
- Completed reload, in  2.009 seconds
Platform modules already initialized, skipping
Switching build target platform(5) subTarget(0) extendedPlatform(0) -> platform(13) subTarget(537395200) extendedPlatform(0)
Refreshing native plugins compatible for Editor in 0.87 ms, found 0 plugins.
Preloading 0 native plugins for Editor in 0.00 ms.
Unloading 1457 Unused Serialized files (Serialized files now loaded: 0)
System memory in use before: 72.7 MB.
System memory in use after: 72.8 MB.

Unloading 4 unused Assets to reduce memory usage. Loaded Objects now: 1955.
Total: 5.241500 ms (FindLiveObjects: 0.820300 ms CreateObjectMapping: 0.353500 ms MarkObjects: 4.044200 ms  DeleteObjects: 0.021000 ms)

AssetImportParameters requested are different than current active one (requested -> active):
  custom:graphics/normal-map-encoding: 01000000000000000000000000000000 -> 02000000000000000000000000000000
========================================================================
Received Import Request.
  Time since last request: 400.567429 seconds.
  path: Assets/Resources/Sounds/tapHit.mp3
  artifactKey: Guid(fa44cb81e1285ee4a9a28c7cd107c8bd) Importer(815301076,1909f56bfc062723c751e8b465ee728b)
Start importing Assets/Resources/Sounds/tapHit.mp3 using Guid(fa44cb81e1285ee4a9a28c7cd107c8bd) Importer(815301076,1909f56bfc062723c751e8b465ee728b)  -> (artifact id: '452ca7689a9d74f98a229f4a9c444cff') in 0.148284 seconds
  Import took 0.155642 seconds .

========================================================================
Received Prepare
Registering precompiled user dll's ...
Registered in 0.001361 seconds.
Begin MonoManager ReloadAssembly
Native extension for WindowsStandalone target not found
Refreshing native plugins compatible for Editor in 0.28 ms, found 0 plugins.
Preloading 0 native plugins for Editor in 0.00 ms.
Warning: Annotation not found!
UnityEngine.StackTraceUtility:ExtractStackTrace ()
UnityEditor.ProBuilder.EditorUtility:SetGizmoIconEnabled (System.Type,bool) (at Library/PackageCache/com.unity.probuilder@4.5.0/Editor/EditorCore/EditorUtility.cs:593)
UnityEditor.ProBuilder.HierarchyListener:.cctor () (at Library/PackageCache/com.unity.probuilder@4.5.0/Editor/EditorCore/HierarchyListener.cs:21)
System.Runtime.CompilerServices.RuntimeHelpers:RunClassConstructor (System.RuntimeTypeHandle)
UnityEditor.EditorAssemblies:ProcessInitializeOnLoadAttributes (System.Type[])

[Library/PackageCache/com.unity.probuilder@4.5.0/Editor/EditorCore/EditorUtility.cs line 593]

Mono: successfully reloaded assembly
- Completed reload, in  1.717 seconds
Platform modules already initialized, skipping
Switching build target platform(5) subTarget(0) extendedPlatform(0) -> platform(13) subTarget(537395200) extendedPlatform(0)
Refreshing native plugins compatible for Editor in 0.49 ms, found 0 plugins.
Preloading 0 native plugins for Editor in 0.00 ms.
Unloading 1457 Unused Serialized files (Serialized files now loaded: 0)
System memory in use before: 72.7 MB.
System memory in use after: 72.8 MB.

Unloading 4 unused Assets to reduce memory usage. Loaded Objects now: 1959.
Total: 5.040300 ms (FindLiveObjects: 0.384200 ms CreateObjectMapping: 0.157500 ms MarkObjects: 4.460500 ms  DeleteObjects: 0.034300 ms)

AssetImportParameters requested are different than current active one (requested -> active):
  custom:graphics/normal-map-encoding: 01000000000000000000000000000000 -> 02000000000000000000000000000000
========================================================================
Received Prepare
Registering precompiled user dll's ...
Registered in 0.000942 seconds.
Begin MonoManager ReloadAssembly
Native extension for WindowsStandalone target not found
Refreshing native plugins compatible for Editor in 0.49 ms, found 0 plugins.
Preloading 0 native plugins for Editor in 0.00 ms.
Warning: Annotation not found!
UnityEngine.StackTraceUtility:ExtractStackTrace ()
UnityEditor.ProBuilder.EditorUtility:SetGizmoIconEnabled (System.Type,bool) (at Library/PackageCache/com.unity.probuilder@4.5.0/Editor/EditorCore/EditorUtility.cs:593)
UnityEditor.ProBuilder.HierarchyListener:.cctor () (at Library/PackageCache/com.unity.probuilder@4.5.0/Editor/EditorCore/HierarchyListener.cs:21)
System.Runtime.CompilerServices.RuntimeHelpers:RunClassConstructor (System.RuntimeTypeHandle)
UnityEditor.EditorAssemblies:ProcessInitializeOnLoadAttributes (System.Type[])

[Library/PackageCache/com.unity.probuilder@4.5.0/Editor/EditorCore/EditorUtility.cs line 593]

Mono: successfully reloaded assembly
- Completed reload, in  2.056 seconds
Platform modules already initialized, skipping
Switching build target platform(5) subTarget(0) extendedPlatform(0) -> platform(13) subTarget(537395200) extendedPlatform(0)
Refreshing native plugins compatible for Editor in 0.29 ms, found 0 plugins.
Preloading 0 native plugins for Editor in 0.00 ms.
Unloading 1457 Unused Serialized files (Serialized files now loaded: 0)
System memory in use before: 72.7 MB.
System memory in use after: 72.9 MB.

Unloading 4 unused Assets to reduce memory usage. Loaded Objects now: 1962.
Total: 3.981800 ms (FindLiveObjects: 0.190900 ms CreateObjectMapping: 0.068900 ms MarkObjects: 3.696600 ms  DeleteObjects: 0.023500 ms)

AssetImportParameters requested are different than current active one (requested -> active):
  custom:graphics/normal-map-encoding: 01000000000000000000000000000000 -> 02000000000000000000000000000000
========================================================================
Received Prepare
Registering precompiled user dll's ...
Registered in 0.000902 seconds.
Begin MonoManager ReloadAssembly
Native extension for WindowsStandalone target not found
Refreshing native plugins compatible for Editor in 0.43 ms, found 0 plugins.
Preloading 0 native plugins for Editor in 0.00 ms.
Warning: Annotation not found!
UnityEngine.StackTraceUtility:ExtractStackTrace ()
UnityEditor.ProBuilder.EditorUtility:SetGizmoIconEnabled (System.Type,bool) (at Library/PackageCache/com.unity.probuilder@4.5.0/Editor/EditorCore/EditorUtility.cs:593)
UnityEditor.ProBuilder.HierarchyListener:.cctor () (at Library/PackageCache/com.unity.probuilder@4.5.0/Editor/EditorCore/HierarchyListener.cs:21)
System.Runtime.CompilerServices.RuntimeHelpers:RunClassConstructor (System.RuntimeTypeHandle)
UnityEditor.EditorAssemblies:ProcessInitializeOnLoadAttributes (System.Type[])

[Library/PackageCache/com.unity.probuilder@4.5.0/Editor/EditorCore/EditorUtility.cs line 593]

Mono: successfully reloaded assembly
- Completed reload, in  2.530 seconds
Platform modules already initialized, skipping
Switching build target platform(5) subTarget(0) extendedPlatform(0) -> platform(13) subTarget(537395200) extendedPlatform(0)
Refreshing native plugins compatible for Editor in 0.98 ms, found 0 plugins.
Preloading 0 native plugins for Editor in 0.00 ms.
Unloading 1457 Unused Serialized files (Serialized files now loaded: 0)
System memory in use before: 72.8 MB.
System memory in use after: 72.9 MB.

Unloading 4 unused Assets to reduce memory usage. Loaded Objects now: 1965.
Total: 3.870600 ms (FindLiveObjects: 0.328300 ms CreateObjectMapping: 0.252000 ms MarkObjects: 3.268300 ms  DeleteObjects: 0.019600 ms)

AssetImportParameters requested are different than current active one (requested -> active):
  custom:graphics/normal-map-encoding: 01000000000000000000000000000000 -> 02000000000000000000000000000000
========================================================================
Received Prepare
Registering precompiled user dll's ...
Registered in 0.001375 seconds.
Begin MonoManager ReloadAssembly
Native extension for WindowsStandalone target not found
Refreshing native plugins compatible for Editor in 0.64 ms, found 0 plugins.
Preloading 0 native plugins for Editor in 0.00 ms.
Warning: Annotation not found!
UnityEngine.StackTraceUtility:ExtractStackTrace ()
UnityEditor.ProBuilder.EditorUtility:SetGizmoIconEnabled (System.Type,bool) (at Library/PackageCache/com.unity.probuilder@4.5.0/Editor/EditorCore/EditorUtility.cs:593)
UnityEditor.ProBuilder.HierarchyListener:.cctor () (at Library/PackageCache/com.unity.probuilder@4.5.0/Editor/EditorCore/HierarchyListener.cs:21)
System.Runtime.CompilerServices.RuntimeHelpers:RunClassConstructor (System.RuntimeTypeHandle)
UnityEditor.EditorAssemblies:ProcessInitializeOnLoadAttributes (System.Type[])

[Library/PackageCache/com.unity.probuilder@4.5.0/Editor/EditorCore/EditorUtility.cs line 593]

Mono: successfully reloaded assembly
- Completed reload, in  1.886 seconds
Platform modules already initialized, skipping
Switching build target platform(5) subTarget(0) extendedPlatform(0) -> platform(13) subTarget(537395200) extendedPlatform(0)
Refreshing native plugins compatible for Editor in 0.31 ms, found 0 plugins.
Preloading 0 native plugins for Editor in 0.00 ms.
Unloading 1457 Unused Serialized files (Serialized files now loaded: 0)
System memory in use before: 72.8 MB.
System memory in use after: 72.9 MB.

Unloading 4 unused Assets to reduce memory usage. Loaded Objects now: 1968.
Total: 4.054700 ms (FindLiveObjects: 0.298600 ms CreateObjectMapping: 0.104200 ms MarkObjects: 3.625900 ms  DeleteObjects: 0.024200 ms)

AssetImportParameters requested are different than current active one (requested -> active):
  custom:graphics/normal-map-encoding: 01000000000000000000000000000000 -> 02000000000000000000000000000000
AssetImportWorkerClient::OnTransportError - code=2 error=End of file
